{
  "RSpec": {
    "coverage": {
      "/Users/dawson/turing_work/1mod/projects/night_writer/lib/night_writer.rb": {
        "lines": [
          1,
          1,
          null,
          1,
          1,
          1,
          1,
          1,
          null,
          null,
          1,
          0,
          null,
          null,
          1,
          0,
          0,
          0,
          0,
          0,
          null,
          null,
          1,
          0,
          null,
          null,
          null,
          null,
          null,
          null,
          null,
          null,
          null,
          null,
          null
        ]
      },
      "/Users/dawson/turing_work/1mod/projects/night_writer/lib/read_file.rb": {
        "lines": [
          1,
          1,
          5,
          5,
          null,
          null
        ]
      },
      "/Users/dawson/turing_work/1mod/projects/night_writer/lib/write_to_file.rb": {
        "lines": [
          1,
          null,
          1,
          null,
          1,
          1,
          null,
          null,
          1,
          0,
          null,
          null,
          1,
          0,
          0,
          0,
          0,
          0,
          null,
          null,
          1,
          0,
          0,
          0,
          null,
          null,
          null
        ]
      },
      "/Users/dawson/turing_work/1mod/projects/night_writer/lib/translator.rb": {
        "lines": [
          1,
          1,
          null,
          1,
          1,
          null,
          null,
          null,
          1,
          4,
          4,
          4,
          null,
          null,
          1,
          2,
          2,
          2,
          22,
          null,
          2,
          22,
          594,
          22,
          null,
          null,
          null,
          2,
          null,
          null,
          1,
          2,
          2,
          2,
          2,
          22,
          22,
          22,
          null,
          2,
          2,
          2,
          null,
          null
        ]
      },
      "/Users/dawson/turing_work/1mod/projects/night_writer/lib/eng_to_braille.rb": {
        "lines": [
          1,
          1,
          1,
          null,
          4,
          null,
          null,
          null,
          null,
          null,
          null,
          null,
          null,
          null,
          null,
          null,
          null,
          null,
          null,
          null,
          null,
          null,
          null,
          null,
          null,
          null,
          null,
          null,
          null,
          null,
          null,
          null,
          null,
          null
        ]
      }
    },
    "timestamp": 1673994467
  }
}
